<?xml version="1.0" encoding="UTF-8"?>
<!-- Generated by org.testng.reporters.JUnitReportReporter -->
<testsuite hostname="PC" failures="0" tests="1" name="RegressionTest" time="0.012" errors="0" timestamp="2021-12-07T10:39:17 IST" skipped="0">
  <testcase classname="RegressionTest" name="Method1" time="0.012"/>
  <system-out/>
</testsuite> <!-- RegressionTest -->
