<?xml version="1.0" encoding="UTF-8"?>
<!-- Generated by org.testng.reporters.JUnitReportReporter -->
<testsuite hostname="PC" failures="0" tests="1" name="MavenTest" time="0.024" errors="0" timestamp="2021-12-03T14:12:17 IST" skipped="0">
  <testcase classname="MavenTest" name="Method1" time="0.024"/>
  <system-out/>
</testsuite> <!-- MavenTest -->
